<?xml version="1.0" ?>
<testsuite failures="500" name="DefectDojo" tests="500">
	<testcase name="blacklist Severity: Info">
		<failure>Using cElementTree to parse untrusted XML data is known to be vulnerable to XML attacks. Replace cElementTree with the equivalent defusedxml package, or make sure defusedxml.defuse_stdlib() is called. Filename: PyBitBucket.py Line number: 6 Line range: [6, 7, 8, 9] Issue Confidence: HIGH</failure>
	</testcase>
	<testcase name="blacklist Severity: Info">
		<failure>Using cElementTree to parse untrusted XML data is known to be vulnerable to XML attacks. Replace cElementTree with the equivalent defusedxml package, or make sure defusedxml.defuse_stdlib() is called. Filename: PyBitBucket.py Line number: 6 Line range: [6, 7, 8, 9] Issue Confidence: HIGH</failure>
	</testcase>
	<testcase name="blacklist Severity: Info">
		<failure>Using cElementTree to parse untrusted XML data is known to be vulnerable to XML attacks. Replace cElementTree with the equivalent defusedxml package, or make sure defusedxml.defuse_stdlib() is called. Filename: PyBitBucket.py Line number: 6 Line range: [6, 7, 8, 9] Issue Confidence: HIGH</failure>
	</testcase>
	<testcase name="blacklist Severity: Info">
		<failure>Using cElementTree to parse untrusted XML data is known to be vulnerable to XML attacks. Replace cElementTree with the equivalent defusedxml package, or make sure defusedxml.defuse_stdlib() is called. Filename: PyBitBucket.py Line number: 6 Line range: [6, 7, 8, 9] Issue Confidence: HIGH</failure>
	</testcase>
	<testcase name="blacklist Severity: Info">
		<failure>Using cElementTree to parse untrusted XML data is known to be vulnerable to XML attacks. Replace cElementTree with the equivalent defusedxml package, or make sure defusedxml.defuse_stdlib() is called. Filename: PyBitBucket.py Line number: 6 Line range: [6, 7, 8, 9] Issue Confidence: HIGH</failure>
	</testcase>
	<testcase name="blacklist Severity: Info">
		<failure>Using cElementTree to parse untrusted XML data is known to be vulnerable to XML attacks. Replace cElementTree with the equivalent defusedxml package, or make sure defusedxml.defuse_stdlib() is called. Filename: PyBitBucket.py Line number: 6 Line range: [6, 7, 8, 9] Issue Confidence: HIGH</failure>
	</testcase>
	<testcase name="blacklist Severity: Info">
		<failure>Using cElementTree to parse untrusted XML data is known to be vulnerable to XML attacks. Replace cElementTree with the equivalent defusedxml package, or make sure defusedxml.defuse_stdlib() is called. Filename: PyBitBucket.py Line number: 6 Line range: [6, 7, 8, 9] Issue Confidence: HIGH</failure>
	</testcase>
	<testcase name="blacklist Severity: Info">
		<failure>Using cElementTree to parse untrusted XML data is known to be vulnerable to XML attacks. Replace cElementTree with the equivalent defusedxml package, or make sure defusedxml.defuse_stdlib() is called. Filename: PyBitBucket.py Line number: 6 Line range: [6, 7, 8, 9] Issue Confidence: HIGH</failure>
	</testcase>
	<testcase name="blacklist Severity: Info">
		<failure>Using cElementTree to parse untrusted XML data is known to be vulnerable to XML attacks. Replace cElementTree with the equivalent defusedxml package, or make sure defusedxml.defuse_stdlib() is called. Filename: PyBitBucket.py Line number: 6 Line range: [6, 7, 8, 9] Issue Confidence: HIGH</failure>
	</testcase>
	<testcase name="blacklist Severity: Info">
		<failure>Using cElementTree to parse untrusted XML data is known to be vulnerable to XML attacks. Replace cElementTree with the equivalent defusedxml package, or make sure defusedxml.defuse_stdlib() is called. Filename: PyBitBucket.py Line number: 6 Line range: [6, 7, 8, 9] Issue Confidence: HIGH</failure>
	</testcase>
	<testcase name="blacklist Severity: Info">
		<failure>Using cElementTree to parse untrusted XML data is known to be vulnerable to XML attacks. Replace cElementTree with the equivalent defusedxml package, or make sure defusedxml.defuse_stdlib() is called. Filename: PyBitBucket.py Line number: 6 Line range: [6, 7, 8, 9] Issue Confidence: HIGH</failure>
	</testcase>
	<testcase name="blacklist Severity: Info">
		<failure>Using cElementTree to parse untrusted XML data is known to be vulnerable to XML attacks. Replace cElementTree with the equivalent defusedxml package, or make sure defusedxml.defuse_stdlib() is called. Filename: PyBitBucket.py Line number: 6 Line range: [6, 7, 8, 9] Issue Confidence: HIGH</failure>
	</testcase>
	<testcase name="blacklist Severity: Info">
		<failure>Using cElementTree to parse untrusted XML data is known to be vulnerable to XML attacks. Replace cElementTree with the equivalent defusedxml package, or make sure defusedxml.defuse_stdlib() is called. Filename: PyBitBucket.py Line number: 6 Line range: [6, 7, 8, 9] Issue Confidence: HIGH</failure>
	</testcase>
	<testcase name="blacklist Severity: Info">
		<failure>Using cElementTree to parse untrusted XML data is known to be vulnerable to XML attacks. Replace cElementTree with the equivalent defusedxml package, or make sure defusedxml.defuse_stdlib() is called. Filename: PyBitBucket.py Line number: 6 Line range: [6, 7, 8, 9] Issue Confidence: HIGH</failure>
	</testcase>
	<testcase name="blacklist Severity: Info">
		<failure>Using cElementTree to parse untrusted XML data is known to be vulnerable to XML attacks. Replace cElementTree with the equivalent defusedxml package, or make sure defusedxml.defuse_stdlib() is called. Filename: PyBitBucket.py Line number: 6 Line range: [6, 7, 8, 9] Issue Confidence: HIGH</failure>
	</testcase>
	<testcase name="blacklist Severity: Info">
		<failure>Using cElementTree to parse untrusted XML data is known to be vulnerable to XML attacks. Replace cElementTree with the equivalent defusedxml package, or make sure defusedxml.defuse_stdlib() is called. Filename: PyBitBucket.py Line number: 6 Line range: [6, 7, 8, 9] Issue Confidence: HIGH</failure>
	</testcase>
	<testcase name="blacklist Severity: Info">
		<failure>Using cElementTree to parse untrusted XML data is known to be vulnerable to XML attacks. Replace cElementTree with the equivalent defusedxml package, or make sure defusedxml.defuse_stdlib() is called. Filename: PyBitBucket.py Line number: 6 Line range: [6, 7, 8, 9] Issue Confidence: HIGH</failure>
	</testcase>
	<testcase name="blacklist Severity: Info">
		<failure>Using cElementTree to parse untrusted XML data is known to be vulnerable to XML attacks. Replace cElementTree with the equivalent defusedxml package, or make sure defusedxml.defuse_stdlib() is called. Filename: PyBitBucket.py Line number: 6 Line range: [6, 7, 8, 9] Issue Confidence: HIGH</failure>
	</testcase>
	<testcase name="blacklist Severity: Info">
		<failure>Using cElementTree to parse untrusted XML data is known to be vulnerable to XML attacks. Replace cElementTree with the equivalent defusedxml package, or make sure defusedxml.defuse_stdlib() is called. Filename: PyBitBucket.py Line number: 6 Line range: [6, 7, 8, 9] Issue Confidence: HIGH</failure>
	</testcase>
	<testcase name="blacklist Severity: Info">
		<failure>Using cElementTree to parse untrusted XML data is known to be vulnerable to XML attacks. Replace cElementTree with the equivalent defusedxml package, or make sure defusedxml.defuse_stdlib() is called. Filename: PyBitBucket.py Line number: 6 Line range: [6, 7, 8, 9] Issue Confidence: HIGH</failure>
	</testcase>
	<testcase name="blacklist Severity: Info">
		<failure>Using cElementTree to parse untrusted XML data is known to be vulnerable to XML attacks. Replace cElementTree with the equivalent defusedxml package, or make sure defusedxml.defuse_stdlib() is called. Filename: PyBitBucket.py Line number: 6 Line range: [6, 7, 8, 9] Issue Confidence: HIGH</failure>
	</testcase>
	<testcase name="blacklist Severity: Info">
		<failure>Using cElementTree to parse untrusted XML data is known to be vulnerable to XML attacks. Replace cElementTree with the equivalent defusedxml package, or make sure defusedxml.defuse_stdlib() is called. Filename: PyBitBucket.py Line number: 6 Line range: [6, 7, 8, 9] Issue Confidence: HIGH</failure>
	</testcase>
	<testcase name="blacklist Severity: Info">
		<failure>Using cElementTree to parse untrusted XML data is known to be vulnerable to XML attacks. Replace cElementTree with the equivalent defusedxml package, or make sure defusedxml.defuse_stdlib() is called. Filename: PyBitBucket.py Line number: 6 Line range: [6, 7, 8, 9] Issue Confidence: HIGH</failure>
	</testcase>
	<testcase name="blacklist Severity: Info">
		<failure>Using cElementTree to parse untrusted XML data is known to be vulnerable to XML attacks. Replace cElementTree with the equivalent defusedxml package, or make sure defusedxml.defuse_stdlib() is called. Filename: PyBitBucket.py Line number: 6 Line range: [6, 7, 8, 9] Issue Confidence: HIGH</failure>
	</testcase>
	<testcase name="blacklist Severity: Info">
		<failure>Using cElementTree to parse untrusted XML data is known to be vulnerable to XML attacks. Replace cElementTree with the equivalent defusedxml package, or make sure defusedxml.defuse_stdlib() is called. Filename: PyBitBucket.py Line number: 6 Line range: [6, 7, 8, 9] Issue Confidence: HIGH</failure>
	</testcase>
	<testcase name="blacklist Severity: Info">
		<failure>Using cElementTree to parse untrusted XML data is known to be vulnerable to XML attacks. Replace cElementTree with the equivalent defusedxml package, or make sure defusedxml.defuse_stdlib() is called. Filename: PyBitBucket.py Line number: 6 Line range: [6, 7, 8, 9] Issue Confidence: HIGH</failure>
	</testcase>
	<testcase name="blacklist Severity: Info">
		<failure>Using cElementTree to parse untrusted XML data is known to be vulnerable to XML attacks. Replace cElementTree with the equivalent defusedxml package, or make sure defusedxml.defuse_stdlib() is called. Filename: PyBitBucket.py Line number: 6 Line range: [6, 7, 8, 9] Issue Confidence: HIGH</failure>
	</testcase>
	<testcase name="blacklist Severity: Info">
		<failure>Using cElementTree to parse untrusted XML data is known to be vulnerable to XML attacks. Replace cElementTree with the equivalent defusedxml package, or make sure defusedxml.defuse_stdlib() is called. Filename: PyBitBucket.py Line number: 6 Line range: [6, 7, 8, 9] Issue Confidence: HIGH</failure>
	</testcase>
	<testcase name="blacklist Severity: Info">
		<failure>Using cElementTree to parse untrusted XML data is known to be vulnerable to XML attacks. Replace cElementTree with the equivalent defusedxml package, or make sure defusedxml.defuse_stdlib() is called. Filename: PyBitBucket.py Line number: 6 Line range: [6, 7, 8, 9] Issue Confidence: HIGH</failure>
	</testcase>
	<testcase name="blacklist Severity: Info">
		<failure>Using cElementTree to parse untrusted XML data is known to be vulnerable to XML attacks. Replace cElementTree with the equivalent defusedxml package, or make sure defusedxml.defuse_stdlib() is called. Filename: PyBitBucket.py Line number: 6 Line range: [6, 7, 8, 9] Issue Confidence: HIGH</failure>
	</testcase>
	<testcase name="blacklist Severity: Info">
		<failure>Using cElementTree to parse untrusted XML data is known to be vulnerable to XML attacks. Replace cElementTree with the equivalent defusedxml package, or make sure defusedxml.defuse_stdlib() is called. Filename: PyBitBucket.py Line number: 6 Line range: [6, 7, 8, 9] Issue Confidence: HIGH</failure>
	</testcase>
	<testcase name="blacklist Severity: Info">
		<failure>Using cElementTree to parse untrusted XML data is known to be vulnerable to XML attacks. Replace cElementTree with the equivalent defusedxml package, or make sure defusedxml.defuse_stdlib() is called. Filename: PyBitBucket.py Line number: 6 Line range: [6, 7, 8, 9] Issue Confidence: HIGH</failure>
	</testcase>
	<testcase name="blacklist Severity: Info">
		<failure>Using cElementTree to parse untrusted XML data is known to be vulnerable to XML attacks. Replace cElementTree with the equivalent defusedxml package, or make sure defusedxml.defuse_stdlib() is called. Filename: PyBitBucket.py Line number: 6 Line range: [6, 7, 8, 9] Issue Confidence: HIGH</failure>
	</testcase>
	<testcase name="blacklist Severity: Info">
		<failure>Using cElementTree to parse untrusted XML data is known to be vulnerable to XML attacks. Replace cElementTree with the equivalent defusedxml package, or make sure defusedxml.defuse_stdlib() is called. Filename: PyBitBucket.py Line number: 6 Line range: [6, 7, 8, 9] Issue Confidence: HIGH</failure>
	</testcase>
	<testcase name="blacklist Severity: Info">
		<failure>Using cElementTree to parse untrusted XML data is known to be vulnerable to XML attacks. Replace cElementTree with the equivalent defusedxml package, or make sure defusedxml.defuse_stdlib() is called. Filename: PyBitBucket.py Line number: 6 Line range: [6, 7, 8, 9] Issue Confidence: HIGH</failure>
	</testcase>
	<testcase name="blacklist Severity: Info">
		<failure>Using cElementTree to parse untrusted XML data is known to be vulnerable to XML attacks. Replace cElementTree with the equivalent defusedxml package, or make sure defusedxml.defuse_stdlib() is called. Filename: PyBitBucket.py Line number: 6 Line range: [6, 7, 8, 9] Issue Confidence: HIGH</failure>
	</testcase>
	<testcase name="blacklist Severity: Info">
		<failure>Using cElementTree to parse untrusted XML data is known to be vulnerable to XML attacks. Replace cElementTree with the equivalent defusedxml package, or make sure defusedxml.defuse_stdlib() is called. Filename: PyBitBucket.py Line number: 6 Line range: [6, 7, 8, 9] Issue Confidence: HIGH</failure>
	</testcase>
	<testcase name="SQL injection Severity: High">
		<failure>SQL injection vulnerabilities arise when user-controllable data is
incorporated into database SQL queries in an unsafe manner. An attacker can
supply crafted input to break out of the data context in which their input
appears and interfere with the structure of the surrounding query.

A wide range of damaging attacks can often be delivered via SQL injection,
including reading or modifying critical application data, interfering with
application logic, escalating privileges within the database and taking
control of the database server.



The **sort_column** parameter appears to be vulnerable to SQL injection
attacks. The payload **,(select*from(select(sleep(20)))a)** was submitted in
the sort_column parameter. The application took **20562** milliseconds to
respond to the request, compared with **1980** milliseconds for the original
request, indicating that the injected SQL command caused a time delay.  
  
The database appears to be MySQL.

</failure>
	</testcase>
	<testcase name="SQL injection Severity: High">
		<failure>SQL injection vulnerabilities arise when user-controllable data is
incorporated into database SQL queries in an unsafe manner. An attacker can
supply crafted input to break out of the data context in which their input
appears and interfere with the structure of the surrounding query.

A wide range of damaging attacks can often be delivered via SQL injection,
including reading or modifying critical application data, interfering with
application logic, escalating privileges within the database and taking
control of the database server.



The **sort_column** parameter appears to be vulnerable to SQL injection
attacks. The payload **,(select*from(select(sleep(20)))a)** was submitted in
the sort_column parameter. The application took **20562** milliseconds to
respond to the request, compared with **1980** milliseconds for the original
request, indicating that the injected SQL command caused a time delay.  
  
The database appears to be MySQL.

</failure>
	</testcase>
	<testcase name="SQL injection Severity: High">
		<failure>SQL injection vulnerabilities arise when user-controllable data is
incorporated into database SQL queries in an unsafe manner. An attacker can
supply crafted input to break out of the data context in which their input
appears and interfere with the structure of the surrounding query.

A wide range of damaging attacks can often be delivered via SQL injection,
including reading or modifying critical application data, interfering with
application logic, escalating privileges within the database and taking
control of the database server.



The **sort_column** parameter appears to be vulnerable to SQL injection
attacks. The payload **,(select*from(select(sleep(20)))a)** was submitted in
the sort_column parameter. The application took **20562** milliseconds to
respond to the request, compared with **1980** milliseconds for the original
request, indicating that the injected SQL command caused a time delay.  
  
The database appears to be MySQL.

</failure>
	</testcase>
	<testcase name="SQL injection Severity: High">
		<failure>SQL injection vulnerabilities arise when user-controllable data is
incorporated into database SQL queries in an unsafe manner. An attacker can
supply crafted input to break out of the data context in which their input
appears and interfere with the structure of the surrounding query.

A wide range of damaging attacks can often be delivered via SQL injection,
including reading or modifying critical application data, interfering with
application logic, escalating privileges within the database and taking
control of the database server.



The **sort_column** parameter appears to be vulnerable to SQL injection
attacks. The payload **,(select*from(select(sleep(20)))a)** was submitted in
the sort_column parameter. The application took **20562** milliseconds to
respond to the request, compared with **1980** milliseconds for the original
request, indicating that the injected SQL command caused a time delay.  
  
The database appears to be MySQL.

</failure>
	</testcase>
	<testcase name="SQL injection Severity: High">
		<failure>SQL injection vulnerabilities arise when user-controllable data is
incorporated into database SQL queries in an unsafe manner. An attacker can
supply crafted input to break out of the data context in which their input
appears and interfere with the structure of the surrounding query.

A wide range of damaging attacks can often be delivered via SQL injection,
including reading or modifying critical application data, interfering with
application logic, escalating privileges within the database and taking
control of the database server.



The **sort_column** parameter appears to be vulnerable to SQL injection
attacks. The payload **,(select*from(select(sleep(20)))a)** was submitted in
the sort_column parameter. The application took **20562** milliseconds to
respond to the request, compared with **1980** milliseconds for the original
request, indicating that the injected SQL command caused a time delay.  
  
The database appears to be MySQL.

</failure>
	</testcase>
	<testcase name="SQL injection Severity: High">
		<failure>SQL injection vulnerabilities arise when user-controllable data is
incorporated into database SQL queries in an unsafe manner. An attacker can
supply crafted input to break out of the data context in which their input
appears and interfere with the structure of the surrounding query.

A wide range of damaging attacks can often be delivered via SQL injection,
including reading or modifying critical application data, interfering with
application logic, escalating privileges within the database and taking
control of the database server.



The **sort_column** parameter appears to be vulnerable to SQL injection
attacks. The payload **,(select*from(select(sleep(20)))a)** was submitted in
the sort_column parameter. The application took **20562** milliseconds to
respond to the request, compared with **1980** milliseconds for the original
request, indicating that the injected SQL command caused a time delay.  
  
The database appears to be MySQL.

</failure>
	</testcase>
	<testcase name="SQL injection Severity: High">
		<failure>SQL injection vulnerabilities arise when user-controllable data is
incorporated into database SQL queries in an unsafe manner. An attacker can
supply crafted input to break out of the data context in which their input
appears and interfere with the structure of the surrounding query.

A wide range of damaging attacks can often be delivered via SQL injection,
including reading or modifying critical application data, interfering with
application logic, escalating privileges within the database and taking
control of the database server.



The **sort_column** parameter appears to be vulnerable to SQL injection
attacks. The payload **,(select*from(select(sleep(20)))a)** was submitted in
the sort_column parameter. The application took **20562** milliseconds to
respond to the request, compared with **1980** milliseconds for the original
request, indicating that the injected SQL command caused a time delay.  
  
The database appears to be MySQL.

</failure>
	</testcase>
	<testcase name="SQL injection Severity: High">
		<failure>SQL injection vulnerabilities arise when user-controllable data is
incorporated into database SQL queries in an unsafe manner. An attacker can
supply crafted input to break out of the data context in which their input
appears and interfere with the structure of the surrounding query.

A wide range of damaging attacks can often be delivered via SQL injection,
including reading or modifying critical application data, interfering with
application logic, escalating privileges within the database and taking
control of the database server.



The **sort_column** parameter appears to be vulnerable to SQL injection
attacks. The payload **,(select*from(select(sleep(20)))a)** was submitted in
the sort_column parameter. The application took **20562** milliseconds to
respond to the request, compared with **1980** milliseconds for the original
request, indicating that the injected SQL command caused a time delay.  
  
The database appears to be MySQL.

</failure>
	</testcase>
	<testcase name="SQL injection Severity: High">
		<failure>SQL injection vulnerabilities arise when user-controllable data is
incorporated into database SQL queries in an unsafe manner. An attacker can
supply crafted input to break out of the data context in which their input
appears and interfere with the structure of the surrounding query.

A wide range of damaging attacks can often be delivered via SQL injection,
including reading or modifying critical application data, interfering with
application logic, escalating privileges within the database and taking
control of the database server.



The **sort_column** parameter appears to be vulnerable to SQL injection
attacks. The payload **,(select*from(select(sleep(20)))a)** was submitted in
the sort_column parameter. The application took **20562** milliseconds to
respond to the request, compared with **1980** milliseconds for the original
request, indicating that the injected SQL command caused a time delay.  
  
The database appears to be MySQL.

</failure>
	</testcase>
	<testcase name="SQL injection Severity: High">
		<failure>SQL injection vulnerabilities arise when user-controllable data is
incorporated into database SQL queries in an unsafe manner. An attacker can
supply crafted input to break out of the data context in which their input
appears and interfere with the structure of the surrounding query.

A wide range of damaging attacks can often be delivered via SQL injection,
including reading or modifying critical application data, interfering with
application logic, escalating privileges within the database and taking
control of the database server.



The **sort_column** parameter appears to be vulnerable to SQL injection
attacks. The payload **,(select*from(select(sleep(20)))a)** was submitted in
the sort_column parameter. The application took **20562** milliseconds to
respond to the request, compared with **1980** milliseconds for the original
request, indicating that the injected SQL command caused a time delay.  
  
The database appears to be MySQL.

</failure>
	</testcase>
	<testcase name="SQL injection Severity: High">
		<failure>SQL injection vulnerabilities arise when user-controllable data is
incorporated into database SQL queries in an unsafe manner. An attacker can
supply crafted input to break out of the data context in which their input
appears and interfere with the structure of the surrounding query.

A wide range of damaging attacks can often be delivered via SQL injection,
including reading or modifying critical application data, interfering with
application logic, escalating privileges within the database and taking
control of the database server.



The **sort_column** parameter appears to be vulnerable to SQL injection
attacks. The payload **,(select*from(select(sleep(20)))a)** was submitted in
the sort_column parameter. The application took **20562** milliseconds to
respond to the request, compared with **1980** milliseconds for the original
request, indicating that the injected SQL command caused a time delay.  
  
The database appears to be MySQL.

</failure>
	</testcase>
	<testcase name="SQL injection Severity: High">
		<failure>SQL injection vulnerabilities arise when user-controllable data is
incorporated into database SQL queries in an unsafe manner. An attacker can
supply crafted input to break out of the data context in which their input
appears and interfere with the structure of the surrounding query.

A wide range of damaging attacks can often be delivered via SQL injection,
including reading or modifying critical application data, interfering with
application logic, escalating privileges within the database and taking
control of the database server.



The **sort_column** parameter appears to be vulnerable to SQL injection
attacks. The payload **,(select*from(select(sleep(20)))a)** was submitted in
the sort_column parameter. The application took **20562** milliseconds to
respond to the request, compared with **1980** milliseconds for the original
request, indicating that the injected SQL command caused a time delay.  
  
The database appears to be MySQL.

</failure>
	</testcase>
	<testcase name="SQL injection Severity: High">
		<failure>SQL injection vulnerabilities arise when user-controllable data is
incorporated into database SQL queries in an unsafe manner. An attacker can
supply crafted input to break out of the data context in which their input
appears and interfere with the structure of the surrounding query.

A wide range of damaging attacks can often be delivered via SQL injection,
including reading or modifying critical application data, interfering with
application logic, escalating privileges within the database and taking
control of the database server.



The **sort_column** parameter appears to be vulnerable to SQL injection
attacks. The payload **,(select*from(select(sleep(20)))a)** was submitted in
the sort_column parameter. The application took **20562** milliseconds to
respond to the request, compared with **1980** milliseconds for the original
request, indicating that the injected SQL command caused a time delay.  
  
The database appears to be MySQL.

</failure>
	</testcase>
	<testcase name="SQL injection Severity: High">
		<failure>SQL injection vulnerabilities arise when user-controllable data is
incorporated into database SQL queries in an unsafe manner. An attacker can
supply crafted input to break out of the data context in which their input
appears and interfere with the structure of the surrounding query.

A wide range of damaging attacks can often be delivered via SQL injection,
including reading or modifying critical application data, interfering with
application logic, escalating privileges within the database and taking
control of the database server.



The **sort_column** parameter appears to be vulnerable to SQL injection
attacks. The payload **,(select*from(select(sleep(20)))a)** was submitted in
the sort_column parameter. The application took **20562** milliseconds to
respond to the request, compared with **1980** milliseconds for the original
request, indicating that the injected SQL command caused a time delay.  
  
The database appears to be MySQL.

</failure>
	</testcase>
	<testcase name="SQL injection Severity: High">
		<failure>SQL injection vulnerabilities arise when user-controllable data is
incorporated into database SQL queries in an unsafe manner. An attacker can
supply crafted input to break out of the data context in which their input
appears and interfere with the structure of the surrounding query.

A wide range of damaging attacks can often be delivered via SQL injection,
including reading or modifying critical application data, interfering with
application logic, escalating privileges within the database and taking
control of the database server.



The **sort_column** parameter appears to be vulnerable to SQL injection
attacks. The payload **,(select*from(select(sleep(20)))a)** was submitted in
the sort_column parameter. The application took **20562** milliseconds to
respond to the request, compared with **1980** milliseconds for the original
request, indicating that the injected SQL command caused a time delay.  
  
The database appears to be MySQL.

</failure>
	</testcase>
	<testcase name="SQL injection Severity: High">
		<failure>SQL injection vulnerabilities arise when user-controllable data is
incorporated into database SQL queries in an unsafe manner. An attacker can
supply crafted input to break out of the data context in which their input
appears and interfere with the structure of the surrounding query.

A wide range of damaging attacks can often be delivered via SQL injection,
including reading or modifying critical application data, interfering with
application logic, escalating privileges within the database and taking
control of the database server.



The **sort_column** parameter appears to be vulnerable to SQL injection
attacks. The payload **,(select*from(select(sleep(20)))a)** was submitted in
the sort_column parameter. The application took **20562** milliseconds to
respond to the request, compared with **1980** milliseconds for the original
request, indicating that the injected SQL command caused a time delay.  
  
The database appears to be MySQL.

</failure>
	</testcase>
	<testcase name="SQL injection Severity: High">
		<failure>SQL injection vulnerabilities arise when user-controllable data is
incorporated into database SQL queries in an unsafe manner. An attacker can
supply crafted input to break out of the data context in which their input
appears and interfere with the structure of the surrounding query.

A wide range of damaging attacks can often be delivered via SQL injection,
including reading or modifying critical application data, interfering with
application logic, escalating privileges within the database and taking
control of the database server.



The **sort_column** parameter appears to be vulnerable to SQL injection
attacks. The payload **,(select*from(select(sleep(20)))a)** was submitted in
the sort_column parameter. The application took **20562** milliseconds to
respond to the request, compared with **1980** milliseconds for the original
request, indicating that the injected SQL command caused a time delay.  
  
The database appears to be MySQL.

</failure>
	</testcase>
	<testcase name="SQL injection Severity: High">
		<failure>SQL injection vulnerabilities arise when user-controllable data is
incorporated into database SQL queries in an unsafe manner. An attacker can
supply crafted input to break out of the data context in which their input
appears and interfere with the structure of the surrounding query.

A wide range of damaging attacks can often be delivered via SQL injection,
including reading or modifying critical application data, interfering with
application logic, escalating privileges within the database and taking
control of the database server.



The **sort_column** parameter appears to be vulnerable to SQL injection
attacks. The payload **,(select*from(select(sleep(20)))a)** was submitted in
the sort_column parameter. The application took **20562** milliseconds to
respond to the request, compared with **1980** milliseconds for the original
request, indicating that the injected SQL command caused a time delay.  
  
The database appears to be MySQL.

</failure>
	</testcase>
	<testcase name="SQL injection Severity: High">
		<failure>SQL injection vulnerabilities arise when user-controllable data is
incorporated into database SQL queries in an unsafe manner. An attacker can
supply crafted input to break out of the data context in which their input
appears and interfere with the structure of the surrounding query.

A wide range of damaging attacks can often be delivered via SQL injection,
including reading or modifying critical application data, interfering with
application logic, escalating privileges within the database and taking
control of the database server.



The **sort_column** parameter appears to be vulnerable to SQL injection
attacks. The payload **,(select*from(select(sleep(20)))a)** was submitted in
the sort_column parameter. The application took **20562** milliseconds to
respond to the request, compared with **1980** milliseconds for the original
request, indicating that the injected SQL command caused a time delay.  
  
The database appears to be MySQL.

</failure>
	</testcase>
	<testcase name="SQL injection Severity: High">
		<failure>SQL injection vulnerabilities arise when user-controllable data is
incorporated into database SQL queries in an unsafe manner. An attacker can
supply crafted input to break out of the data context in which their input
appears and interfere with the structure of the surrounding query.

A wide range of damaging attacks can often be delivered via SQL injection,
including reading or modifying critical application data, interfering with
application logic, escalating privileges within the database and taking
control of the database server.



The **sort_column** parameter appears to be vulnerable to SQL injection
attacks. The payload **,(select*from(select(sleep(20)))a)** was submitted in
the sort_column parameter. The application took **20562** milliseconds to
respond to the request, compared with **1980** milliseconds for the original
request, indicating that the injected SQL command caused a time delay.  
  
The database appears to be MySQL.

</failure>
	</testcase>
	<testcase name="SQL injection Severity: High">
		<failure>SQL injection vulnerabilities arise when user-controllable data is
incorporated into database SQL queries in an unsafe manner. An attacker can
supply crafted input to break out of the data context in which their input
appears and interfere with the structure of the surrounding query.

A wide range of damaging attacks can often be delivered via SQL injection,
including reading or modifying critical application data, interfering with
application logic, escalating privileges within the database and taking
control of the database server.



The **sort_column** parameter appears to be vulnerable to SQL injection
attacks. The payload **,(select*from(select(sleep(20)))a)** was submitted in
the sort_column parameter. The application took **20562** milliseconds to
respond to the request, compared with **1980** milliseconds for the original
request, indicating that the injected SQL command caused a time delay.  
  
The database appears to be MySQL.

</failure>
	</testcase>
	<testcase name="SQL injection Severity: High">
		<failure>SQL injection vulnerabilities arise when user-controllable data is
incorporated into database SQL queries in an unsafe manner. An attacker can
supply crafted input to break out of the data context in which their input
appears and interfere with the structure of the surrounding query.

A wide range of damaging attacks can often be delivered via SQL injection,
including reading or modifying critical application data, interfering with
application logic, escalating privileges within the database and taking
control of the database server.



The **sort_column** parameter appears to be vulnerable to SQL injection
attacks. The payload **,(select*from(select(sleep(20)))a)** was submitted in
the sort_column parameter. The application took **20562** milliseconds to
respond to the request, compared with **1980** milliseconds for the original
request, indicating that the injected SQL command caused a time delay.  
  
The database appears to be MySQL.

</failure>
	</testcase>
	<testcase name="SQL injection Severity: High">
		<failure>SQL injection vulnerabilities arise when user-controllable data is
incorporated into database SQL queries in an unsafe manner. An attacker can
supply crafted input to break out of the data context in which their input
appears and interfere with the structure of the surrounding query.

A wide range of damaging attacks can often be delivered via SQL injection,
including reading or modifying critical application data, interfering with
application logic, escalating privileges within the database and taking
control of the database server.



The **sort_column** parameter appears to be vulnerable to SQL injection
attacks. The payload **,(select*from(select(sleep(20)))a)** was submitted in
the sort_column parameter. The application took **20562** milliseconds to
respond to the request, compared with **1980** milliseconds for the original
request, indicating that the injected SQL command caused a time delay.  
  
The database appears to be MySQL.

</failure>
	</testcase>
	<testcase name="SQL injection Severity: High">
		<failure>SQL injection vulnerabilities arise when user-controllable data is
incorporated into database SQL queries in an unsafe manner. An attacker can
supply crafted input to break out of the data context in which their input
appears and interfere with the structure of the surrounding query.

A wide range of damaging attacks can often be delivered via SQL injection,
including reading or modifying critical application data, interfering with
application logic, escalating privileges within the database and taking
control of the database server.



The **sort_column** parameter appears to be vulnerable to SQL injection
attacks. The payload **,(select*from(select(sleep(20)))a)** was submitted in
the sort_column parameter. The application took **20562** milliseconds to
respond to the request, compared with **1980** milliseconds for the original
request, indicating that the injected SQL command caused a time delay.  
  
The database appears to be MySQL.

</failure>
	</testcase>
	<testcase name="SQL injection Severity: High">
		<failure>SQL injection vulnerabilities arise when user-controllable data is
incorporated into database SQL queries in an unsafe manner. An attacker can
supply crafted input to break out of the data context in which their input
appears and interfere with the structure of the surrounding query.

A wide range of damaging attacks can often be delivered via SQL injection,
including reading or modifying critical application data, interfering with
application logic, escalating privileges within the database and taking
control of the database server.



The **sort_column** parameter appears to be vulnerable to SQL injection
attacks. The payload **,(select*from(select(sleep(20)))a)** was submitted in
the sort_column parameter. The application took **20562** milliseconds to
respond to the request, compared with **1980** milliseconds for the original
request, indicating that the injected SQL command caused a time delay.  
  
The database appears to be MySQL.

</failure>
	</testcase>
	<testcase name="SQL injection Severity: High">
		<failure>SQL injection vulnerabilities arise when user-controllable data is
incorporated into database SQL queries in an unsafe manner. An attacker can
supply crafted input to break out of the data context in which their input
appears and interfere with the structure of the surrounding query.

A wide range of damaging attacks can often be delivered via SQL injection,
including reading or modifying critical application data, interfering with
application logic, escalating privileges within the database and taking
control of the database server.



The **sort_column** parameter appears to be vulnerable to SQL injection
attacks. The payload **,(select*from(select(sleep(20)))a)** was submitted in
the sort_column parameter. The application took **20562** milliseconds to
respond to the request, compared with **1980** milliseconds for the original
request, indicating that the injected SQL command caused a time delay.  
  
The database appears to be MySQL.

</failure>
	</testcase>
	<testcase name="SQL injection Severity: High">
		<failure>SQL injection vulnerabilities arise when user-controllable data is
incorporated into database SQL queries in an unsafe manner. An attacker can
supply crafted input to break out of the data context in which their input
appears and interfere with the structure of the surrounding query.

A wide range of damaging attacks can often be delivered via SQL injection,
including reading or modifying critical application data, interfering with
application logic, escalating privileges within the database and taking
control of the database server.



The **sort_column** parameter appears to be vulnerable to SQL injection
attacks. The payload **,(select*from(select(sleep(20)))a)** was submitted in
the sort_column parameter. The application took **20562** milliseconds to
respond to the request, compared with **1980** milliseconds for the original
request, indicating that the injected SQL command caused a time delay.  
  
The database appears to be MySQL.

</failure>
	</testcase>
	<testcase name="SQL injection Severity: High">
		<failure>SQL injection vulnerabilities arise when user-controllable data is
incorporated into database SQL queries in an unsafe manner. An attacker can
supply crafted input to break out of the data context in which their input
appears and interfere with the structure of the surrounding query.

A wide range of damaging attacks can often be delivered via SQL injection,
including reading or modifying critical application data, interfering with
application logic, escalating privileges within the database and taking
control of the database server.



The **sort_column** parameter appears to be vulnerable to SQL injection
attacks. The payload **,(select*from(select(sleep(20)))a)** was submitted in
the sort_column parameter. The application took **20562** milliseconds to
respond to the request, compared with **1980** milliseconds for the original
request, indicating that the injected SQL command caused a time delay.  
  
The database appears to be MySQL.

</failure>
	</testcase>
	<testcase name="SQL injection Severity: High">
		<failure>SQL injection vulnerabilities arise when user-controllable data is
incorporated into database SQL queries in an unsafe manner. An attacker can
supply crafted input to break out of the data context in which their input
appears and interfere with the structure of the surrounding query.

A wide range of damaging attacks can often be delivered via SQL injection,
including reading or modifying critical application data, interfering with
application logic, escalating privileges within the database and taking
control of the database server.



The **sort_column** parameter appears to be vulnerable to SQL injection
attacks. The payload **,(select*from(select(sleep(20)))a)** was submitted in
the sort_column parameter. The application took **20562** milliseconds to
respond to the request, compared with **1980** milliseconds for the original
request, indicating that the injected SQL command caused a time delay.  
  
The database appears to be MySQL.

</failure>
	</testcase>
	<testcase name="SQL injection Severity: High">
		<failure>SQL injection vulnerabilities arise when user-controllable data is
incorporated into database SQL queries in an unsafe manner. An attacker can
supply crafted input to break out of the data context in which their input
appears and interfere with the structure of the surrounding query.

A wide range of damaging attacks can often be delivered via SQL injection,
including reading or modifying critical application data, interfering with
application logic, escalating privileges within the database and taking
control of the database server.



The **sort_column** parameter appears to be vulnerable to SQL injection
attacks. The payload **,(select*from(select(sleep(20)))a)** was submitted in
the sort_column parameter. The application took **20562** milliseconds to
respond to the request, compared with **1980** milliseconds for the original
request, indicating that the injected SQL command caused a time delay.  
  
The database appears to be MySQL.

</failure>
	</testcase>
	<testcase name="SQL injection Severity: High">
		<failure>SQL injection vulnerabilities arise when user-controllable data is
incorporated into database SQL queries in an unsafe manner. An attacker can
supply crafted input to break out of the data context in which their input
appears and interfere with the structure of the surrounding query.

A wide range of damaging attacks can often be delivered via SQL injection,
including reading or modifying critical application data, interfering with
application logic, escalating privileges within the database and taking
control of the database server.



The **sort_column** parameter appears to be vulnerable to SQL injection
attacks. The payload **,(select*from(select(sleep(20)))a)** was submitted in
the sort_column parameter. The application took **20562** milliseconds to
respond to the request, compared with **1980** milliseconds for the original
request, indicating that the injected SQL command caused a time delay.  
  
The database appears to be MySQL.

</failure>
	</testcase>
	<testcase name="SQL injection Severity: High">
		<failure>SQL injection vulnerabilities arise when user-controllable data is
incorporated into database SQL queries in an unsafe manner. An attacker can
supply crafted input to break out of the data context in which their input
appears and interfere with the structure of the surrounding query.

A wide range of damaging attacks can often be delivered via SQL injection,
including reading or modifying critical application data, interfering with
application logic, escalating privileges within the database and taking
control of the database server.



The **sort_column** parameter appears to be vulnerable to SQL injection
attacks. The payload **,(select*from(select(sleep(20)))a)** was submitted in
the sort_column parameter. The application took **20562** milliseconds to
respond to the request, compared with **1980** milliseconds for the original
request, indicating that the injected SQL command caused a time delay.  
  
The database appears to be MySQL.

</failure>
	</testcase>
	<testcase name="SQL injection Severity: High">
		<failure>SQL injection vulnerabilities arise when user-controllable data is
incorporated into database SQL queries in an unsafe manner. An attacker can
supply crafted input to break out of the data context in which their input
appears and interfere with the structure of the surrounding query.

A wide range of damaging attacks can often be delivered via SQL injection,
including reading or modifying critical application data, interfering with
application logic, escalating privileges within the database and taking
control of the database server.



The **sort_column** parameter appears to be vulnerable to SQL injection
attacks. The payload **,(select*from(select(sleep(20)))a)** was submitted in
the sort_column parameter. The application took **20562** milliseconds to
respond to the request, compared with **1980** milliseconds for the original
request, indicating that the injected SQL command caused a time delay.  
  
The database appears to be MySQL.

</failure>
	</testcase>
	<testcase name="SQL injection Severity: High">
		<failure>SQL injection vulnerabilities arise when user-controllable data is
incorporated into database SQL queries in an unsafe manner. An attacker can
supply crafted input to break out of the data context in which their input
appears and interfere with the structure of the surrounding query.

A wide range of damaging attacks can often be delivered via SQL injection,
including reading or modifying critical application data, interfering with
application logic, escalating privileges within the database and taking
control of the database server.



The **sort_column** parameter appears to be vulnerable to SQL injection
attacks. The payload **,(select*from(select(sleep(20)))a)** was submitted in
the sort_column parameter. The application took **20562** milliseconds to
respond to the request, compared with **1980** milliseconds for the original
request, indicating that the injected SQL command caused a time delay.  
  
The database appears to be MySQL.

</failure>
	</testcase>
	<testcase name="SQL injection Severity: High">
		<failure>SQL injection vulnerabilities arise when user-controllable data is
incorporated into database SQL queries in an unsafe manner. An attacker can
supply crafted input to break out of the data context in which their input
appears and interfere with the structure of the surrounding query.

A wide range of damaging attacks can often be delivered via SQL injection,
including reading or modifying critical application data, interfering with
application logic, escalating privileges within the database and taking
control of the database server.



The **sort_column** parameter appears to be vulnerable to SQL injection
attacks. The payload **,(select*from(select(sleep(20)))a)** was submitted in
the sort_column parameter. The application took **20562** milliseconds to
respond to the request, compared with **1980** milliseconds for the original
request, indicating that the injected SQL command caused a time delay.  
  
The database appears to be MySQL.

</failure>
	</testcase>
	<testcase name="SQL injection Severity: High">
		<failure>SQL injection vulnerabilities arise when user-controllable data is
incorporated into database SQL queries in an unsafe manner. An attacker can
supply crafted input to break out of the data context in which their input
appears and interfere with the structure of the surrounding query.

A wide range of damaging attacks can often be delivered via SQL injection,
including reading or modifying critical application data, interfering with
application logic, escalating privileges within the database and taking
control of the database server.



The **sort_column** parameter appears to be vulnerable to SQL injection
attacks. The payload **,(select*from(select(sleep(20)))a)** was submitted in
the sort_column parameter. The application took **20562** milliseconds to
respond to the request, compared with **1980** milliseconds for the original
request, indicating that the injected SQL command caused a time delay.  
  
The database appears to be MySQL.

</failure>
	</testcase>
	<testcase name="SQL injection Severity: High">
		<failure>SQL injection vulnerabilities arise when user-controllable data is
incorporated into database SQL queries in an unsafe manner. An attacker can
supply crafted input to break out of the data context in which their input
appears and interfere with the structure of the surrounding query.

A wide range of damaging attacks can often be delivered via SQL injection,
including reading or modifying critical application data, interfering with
application logic, escalating privileges within the database and taking
control of the database server.



The **sort_column** parameter appears to be vulnerable to SQL injection
attacks. The payload **,(select*from(select(sleep(20)))a)** was submitted in
the sort_column parameter. The application took **20562** milliseconds to
respond to the request, compared with **1980** milliseconds for the original
request, indicating that the injected SQL command caused a time delay.  
  
The database appears to be MySQL.

</failure>
	</testcase>
	<testcase name="SQL injection Severity: High">
		<failure>SQL injection vulnerabilities arise when user-controllable data is
incorporated into database SQL queries in an unsafe manner. An attacker can
supply crafted input to break out of the data context in which their input
appears and interfere with the structure of the surrounding query.

A wide range of damaging attacks can often be delivered via SQL injection,
including reading or modifying critical application data, interfering with
application logic, escalating privileges within the database and taking
control of the database server.



The **sort_column** parameter appears to be vulnerable to SQL injection
attacks. The payload **,(select*from(select(sleep(20)))a)** was submitted in
the sort_column parameter. The application took **20562** milliseconds to
respond to the request, compared with **1980** milliseconds for the original
request, indicating that the injected SQL command caused a time delay.  
  
The database appears to be MySQL.

</failure>
	</testcase>
	<testcase name="SQL injection Severity: High">
		<failure>SQL injection vulnerabilities arise when user-controllable data is
incorporated into database SQL queries in an unsafe manner. An attacker can
supply crafted input to break out of the data context in which their input
appears and interfere with the structure of the surrounding query.

A wide range of damaging attacks can often be delivered via SQL injection,
including reading or modifying critical application data, interfering with
application logic, escalating privileges within the database and taking
control of the database server.



The **sort_column** parameter appears to be vulnerable to SQL injection
attacks. The payload **,(select*from(select(sleep(20)))a)** was submitted in
the sort_column parameter. The application took **20562** milliseconds to
respond to the request, compared with **1980** milliseconds for the original
request, indicating that the injected SQL command caused a time delay.  
  
The database appears to be MySQL.

</failure>
	</testcase>
	<testcase name="Buffer Overflow StrcpyStrcat (217) Severity: High">
		<failure>Category: PCI DSS v3.2;PCI DSS (3.2) - 6.5.2 - Buffer overflows,NIST SP 800-53;SI-10 Information Input Validation (P1)
Language: CPP
Group: CPP Buffer Overflow
Status: New
Finding Link: http://10.15.255.188/CxWebClient/ViewerMain.aspx?scanid=1000284&amp;projectid=339&amp;pathid=217

Source Object: ptr_rStringTmp
Filename: /Src/cu_param.c
Line Number: 1383
Code: //! - 1 otherwise.

Source Object: ptr_rStringTmp
Filename: /Src/cu_param.c
Line Number: 1604
Code: }

</failure>
	</testcase>
	<testcase name="Buffer Overflow StrcpyStrcat (219) Severity: High">
		<failure>Category: PCI DSS v3.2;PCI DSS (3.2) - 6.5.2 - Buffer overflows,NIST SP 800-53;SI-10 Information Input Validation (P1)
Language: CPP
Group: CPP Buffer Overflow
Status: New
Finding Link: http://10.15.255.188/CxWebClient/ViewerMain.aspx?scanid=1000284&amp;projectid=339&amp;pathid=219

Source Object: ptr_rStringTmp
Filename: /Src/cu_param.c
Line Number: 1620
Code: //! - 0 if successful.

Source Object: ptr_rStringTmp
Filename: /Src/cu_param.c
Line Number: 1628
Code: bool ForceParamStrings = FALSE;

</failure>
	</testcase>
	<testcase name="Buffer Overflow StrcpyStrcat (228) Severity: High">
		<failure>Category: PCI DSS v3.2;PCI DSS (3.2) - 6.5.2 - Buffer overflows,NIST SP 800-53;SI-10 Information Input Validation (P1)
Language: CPP
Group: CPP Buffer Overflow
Status: New
Finding Link: http://10.15.255.188/CxWebClient/ViewerMain.aspx?scanid=1000284&amp;projectid=339&amp;pathid=228

Source Object: pp_message
Filename: /Src/Gpinpad.c
Line Number: 565

Source Object: pp_message
Filename: /Src/Gpinpad.c
Line Number: 578
Code: }

Source Object: str
Filename: /Src/Gpinpad.c
Line Number: 535

Source Object: str
Filename: /Src/Gpinpad.c
Line Number: 543

</failure>
	</testcase>
	<testcase name="Buffer Overflow StrcpyStrcat (233) Severity: High">
		<failure>Category: PCI DSS v3.2;PCI DSS (3.2) - 6.5.2 - Buffer overflows,NIST SP 800-53;SI-10 Information Input Validation (P1)
Language: CPP
Group: CPP Buffer Overflow
Status: New
Finding Link: http://10.15.255.188/CxWebClient/ViewerMain.aspx?scanid=1000284&amp;projectid=339&amp;pathid=233

Source Object: Version
Filename: /Src/host_comm.c
Line Number: 132
Code: UpdateHostCommWindow();

Source Object: Version
Filename: /Src/host_comm.c
Line Number: 134
Code: }

</failure>
	</testcase>
	<testcase name="Buffer Overflow StrcpyStrcat (245) Severity: High">
		<failure>Category: PCI DSS v3.2;PCI DSS (3.2) - 6.5.2 - Buffer overflows,NIST SP 800-53;SI-10 Information Input Validation (P1)
Language: CPP
Group: CPP Buffer Overflow
Status: New
Finding Link: http://10.15.255.188/CxWebClient/ViewerMain.aspx?scanid=1000284&amp;projectid=339&amp;pathid=245

Source Object: cardNbr
Filename: /Src/SYFProcesses.c
Line Number: 304
Code: bool promptSYFUserID ( char * cardNbr, char *newPan ) {

Source Object: cardNbr
Filename: /Src/SYFProcesses.c
Line Number: 323
Code: strcat( cardNbr, userID );

</failure>
	</testcase>
	<testcase name="Buffer Overflow StrcpyStrcat (248) Severity: High">
		<failure>Category: PCI DSS v3.2;PCI DSS (3.2) - 6.5.2 - Buffer overflows,NIST SP 800-53;SI-10 Information Input Validation (P1)
Language: CPP
Group: CPP Buffer Overflow
Status: New
Finding Link: http://10.15.255.188/CxWebClient/ViewerMain.aspx?scanid=1000284&amp;projectid=339&amp;pathid=248

Source Object: Buffer
Filename: /Src/Utils.c
Line Number: 382
Code: int ParseTrackData ( char *Buffer, TrackData *CardData ) {

Source Object: Buffer
Filename: /Src/Utils.c
Line Number: 423
Code: WorkData.CombinedName [ FieldIndex++ ] = Buffer [ BufferIndex ];

Source Object: CombinedName
Filename: /Src/Utils.c
Line Number: 423
Code: WorkData.CombinedName [ FieldIndex++ ] = Buffer [ BufferIndex ];

Source Object: WorkData
Filename: /Src/Utils.c
Line Number: 426
Code: } while ( !FoundSeperator &amp;&amp; ( BufferIndex &lt; ( sizeof( WorkData ) - 1 ) ) );

Source Object: CombinedName
Filename: /Src/Utils.c
Line Number: 428
Code: TrimCharLeading( ' ', WorkData.CombinedName );

Source Object: CombinedName
Filename: /Src/Utils.c
Line Number: 429
Code: TrimCharTrailing( ' ', WorkData.CombinedName );

Source Object: CombinedName
Filename: /Src/Utils.c
Line Number: 431
Code: strcpy( WorkData.LastName, WorkData.CombinedName );

</failure>
	</testcase>
	<testcase name="Buffer Overflow StrcpyStrcat (251) Severity: High">
		<failure>Category: PCI DSS v3.2;PCI DSS (3.2) - 6.5.2 - Buffer overflows,NIST SP 800-53;SI-10 Information Input Validation (P1)
Language: CPP
Group: CPP Buffer Overflow
Status: New
Finding Link: http://10.15.255.188/CxWebClient/ViewerMain.aspx?scanid=1000284&amp;projectid=339&amp;pathid=251

Source Object: value
Filename: /Src/SharedComm.c
Line Number: 704
Code: // ---------------------------------------------------------------------------

Source Object: value
Filename: /Src/SharedComm.c
Line Number: 726
Code: memclr( pC_buffer, BufferSize );

Source Object: pC_buffer
Filename: /Src/SharedComm.c
Line Number: 734
Code: // Data

</failure>
	</testcase>
	<testcase name="Buffer Overflow StrcpyStrcat (269) Severity: High">
		<failure>Category: PCI DSS v3.2;PCI DSS (3.2) - 6.5.2 - Buffer overflows,NIST SP 800-53;SI-10 Information Input Validation (P1)
Language: CPP
Group: CPP Buffer Overflow
Status: New
Finding Link: http://10.15.255.188/CxWebClient/ViewerMain.aspx?scanid=1000284&amp;projectid=339&amp;pathid=269

Source Object: EMV_DATA
Filename: /Src/TransactionUtil.c
Line Number: 907
Code: void appendEMVTag ( char* EMV_DATA, unsigned long ulTag, unsigned long ulLength, const unsigned char* pValue ) {

Source Object: EMV_DATA
Filename: /Src/TransactionUtil.c
Line Number: 928
Code: strcat( EMV_DATA, String );

</failure>
	</testcase>
	<testcase name="SQL injection Severity: High">
		<failure>SQL injection vulnerabilities arise when user-controllable data is
incorporated into database SQL queries in an unsafe manner. An attacker can
supply crafted input to break out of the data context in which their input
appears and interfere with the structure of the surrounding query.

A wide range of damaging attacks can often be delivered via SQL injection,
including reading or modifying critical application data, interfering with
application logic, escalating privileges within the database and taking
control of the database server.



The **sort_column** parameter appears to be vulnerable to SQL injection
attacks. The payload **,(select*from(select(sleep(20)))a)** was submitted in
the sort_column parameter. The application took **20562** milliseconds to
respond to the request, compared with **1980** milliseconds for the original
request, indicating that the injected SQL command caused a time delay.  
  
The database appears to be MySQL.</failure>
	</testcase>
	<testcase name="SQL injection Severity: High">
		<failure>SQL injection vulnerabilities arise when user-controllable data is
incorporated into database SQL queries in an unsafe manner. An attacker can
supply crafted input to break out of the data context in which their input
appears and interfere with the structure of the surrounding query.

A wide range of damaging attacks can often be delivered via SQL injection,
including reading or modifying critical application data, interfering with
application logic, escalating privileges within the database and taking
control of the database server.



The **sort_column** parameter appears to be vulnerable to SQL injection
attacks. The payload **,(select*from(select(sleep(20)))a)** was submitted in
the sort_column parameter. The application took **20562** milliseconds to
respond to the request, compared with **1980** milliseconds for the original
request, indicating that the injected SQL command caused a time delay.  
  
The database appears to be MySQL.

</failure>
	</testcase>
	<testcase name="Stored XSS (1) Severity: High">
		<failure>Category: PCI DSS v3.2;PCI DSS (3.2) - 6.5.7 - Cross-site scripting (XSS),OWASP Top 10 2013;A3-Cross-Site Scripting (XSS),FISMA 2014;System And Information Integrity,NIST SP 800-53;SI-15 Information Output Filtering (P0)
Language: JavaScript
Group: JavaScript Server Side Vulnerabilities
Status: New
Finding Link: http://10.15.255.188/CxWebClient/ViewerMain.aspx?scanid=1000224&amp;projectid=264&amp;pathid=1

Source Object: data
Filename: /tools/devserver.js
Line Number: 11
Code: fs.readFile(dir + file, 'utf8', (err, data) =&gt; {

Source Object: data
Filename: /tools/devserver.js
Line Number: 18
Code: response.send(data)

Source Object: send
Filename: /tools/devserver.js
Line Number: 18
Code: response.send(data)

</failure>
	</testcase>
	<testcase name="Buffer Overflow boundcpy WrongSizeParam (1) Severity: Medium">
		<failure>Category: PCI DSS v3.2;PCI DSS (3.2) - 6.5.2 - Buffer overflows
Language: CPP
Group: CPP Buffer Overflow
Status: New
Finding Link: http://10.15.255.188/CxWebClient/ViewerMain.aspx?scanid=1000284&amp;projectid=339&amp;pathid=1

Source Object: T_CUBLACKL_data
Filename: /Src/cu_black.c
Line Number: 153
Code: ret = B_TRUE;

</failure>
	</testcase>
	<testcase name="Buffer Overflow boundcpy WrongSizeParam (100) Severity: Medium">
		<failure>Category: PCI DSS v3.2;PCI DSS (3.2) - 6.5.2 - Buffer overflows
Language: CPP
Group: CPP Buffer Overflow
Status: New
Finding Link: http://10.15.255.188/CxWebClient/ViewerMain.aspx?scanid=1000284&amp;projectid=339&amp;pathid=100

Source Object: elt
Filename: /Src/GOALScreens.c
Line Number: 903
Code: memcpy( Buffer, elt.ptValue, elt.length );

</failure>
	</testcase>
	<testcase name="Buffer Overflow boundcpy WrongSizeParam (105) Severity: Medium">
		<failure>Category: PCI DSS v3.2;PCI DSS (3.2) - 6.5.2 - Buffer overflows
Language: CPP
Group: CPP Buffer Overflow
Status: New
Finding Link: http://10.15.255.188/CxWebClient/ViewerMain.aspx?scanid=1000284&amp;projectid=339&amp;pathid=105

Source Object: elt
Filename: /Src/Receipt.c
Line Number: 149
Code: memclr( WorkBuffer, sizeof( WorkBuffer ) );

</failure>
	</testcase>
	<testcase name="Buffer Overflow boundcpy WrongSizeParam (106) Severity: Medium">
		<failure>Category: PCI DSS v3.2;PCI DSS (3.2) - 6.5.2 - Buffer overflows
Language: CPP
Group: CPP Buffer Overflow
Status: New
Finding Link: http://10.15.255.188/CxWebClient/ViewerMain.aspx?scanid=1000284&amp;projectid=339&amp;pathid=106

Source Object: elt
Filename: /Src/Receipt.c
Line Number: 197
Code: if ( Extract_Element_TLV_Tree( hTLVTran, TAG_EPX_AUTH_MASKED_ACCOUNT_NBR, &amp;elt ) ) {

</failure>
	</testcase>
	<testcase name="Buffer Overflow boundcpy WrongSizeParam (107) Severity: Medium">
		<failure>Category: PCI DSS v3.2;PCI DSS (3.2) - 6.5.2 - Buffer overflows
Language: CPP
Group: CPP Buffer Overflow
Status: New
Finding Link: http://10.15.255.188/CxWebClient/ViewerMain.aspx?scanid=1000284&amp;projectid=339&amp;pathid=107

Source Object: elt
Filename: /Src/Receipt.c
Line Number: 202
Code: if ( usFound ) {

</failure>
	</testcase>
	<testcase name="Buffer Overflow boundcpy WrongSizeParam (108) Severity: Medium">
		<failure>Category: PCI DSS v3.2;PCI DSS (3.2) - 6.5.2 - Buffer overflows
Language: CPP
Group: CPP Buffer Overflow
Status: New
Finding Link: http://10.15.255.188/CxWebClient/ViewerMain.aspx?scanid=1000284&amp;projectid=339&amp;pathid=108

Source Object: elt
Filename: /Src/Receipt.c
Line Number: 214
Code: if ( usFound )

</failure>
	</testcase>
	<testcase name="Buffer Overflow boundcpy WrongSizeParam (109) Severity: Medium">
		<failure>Category: PCI DSS v3.2;PCI DSS (3.2) - 6.5.2 - Buffer overflows
Language: CPP
Group: CPP Buffer Overflow
Status: New
Finding Link: http://10.15.255.188/CxWebClient/ViewerMain.aspx?scanid=1000284&amp;projectid=339&amp;pathid=109

Source Object: elt
Filename: /Src/Receipt.c
Line Number: 244
Code: memclr( WorkBuffer, sizeof( WorkBuffer ) );

</failure>
	</testcase>
	<testcase name="Buffer Overflow boundcpy WrongSizeParam (110) Severity: Medium">
		<failure>Category: PCI DSS v3.2;PCI DSS (3.2) - 6.5.2 - Buffer overflows
Language: CPP
Group: CPP Buffer Overflow
Status: New
Finding Link: http://10.15.255.188/CxWebClient/ViewerMain.aspx?scanid=1000284&amp;projectid=339&amp;pathid=110

Source Object: elt
Filename: /Src/Receipt.c
Line Number: 364
Code: memclr( WorkBuffer, sizeof( WorkBuffer ) );

</failure>
	</testcase>
	<testcase name="Buffer Overflow boundcpy WrongSizeParam (111) Severity: Medium">
		<failure>Category: PCI DSS v3.2;PCI DSS (3.2) - 6.5.2 - Buffer overflows
Language: CPP
Group: CPP Buffer Overflow
Status: New
Finding Link: http://10.15.255.188/CxWebClient/ViewerMain.aspx?scanid=1000284&amp;projectid=339&amp;pathid=111

Source Object: elt
Filename: /Src/Receipt.c
Line Number: 403
Code: //We only print a line if the original auth guid is present.

</failure>
	</testcase>
	<testcase name="Buffer Overflow boundcpy WrongSizeParam (113) Severity: Medium">
		<failure>Category: PCI DSS v3.2;PCI DSS (3.2) - 6.5.2 - Buffer overflows
Language: CPP
Group: CPP Buffer Overflow
Status: New
Finding Link: http://10.15.255.188/CxWebClient/ViewerMain.aspx?scanid=1000284&amp;projectid=339&amp;pathid=113

Source Object: elt
Filename: /Src/Receipt.c
Line Number: 428
Code: if ( usFound )

</failure>
	</testcase>
	<testcase name="Buffer Overflow boundcpy WrongSizeParam (115) Severity: Medium">
		<failure>Category: PCI DSS v3.2;PCI DSS (3.2) - 6.5.2 - Buffer overflows
Language: CPP
Group: CPP Buffer Overflow
Status: New
Finding Link: http://10.15.255.188/CxWebClient/ViewerMain.aspx?scanid=1000284&amp;projectid=339&amp;pathid=115

Source Object: elt
Filename: /Src/Receipt.c
Line Number: 456
Code: if ( usFound ) {

</failure>
	</testcase>
	<testcase name="Buffer Overflow boundcpy WrongSizeParam (116) Severity: Medium">
		<failure>Category: PCI DSS v3.2;PCI DSS (3.2) - 6.5.2 - Buffer overflows
Language: CPP
Group: CPP Buffer Overflow
Status: New
Finding Link: http://10.15.255.188/CxWebClient/ViewerMain.aspx?scanid=1000284&amp;projectid=339&amp;pathid=116

Source Object: elt
Filename: /Src/Receipt.c
Line Number: 461
Code: if ( usFound ) {

</failure>
	</testcase>
	<testcase name="Buffer Overflow boundcpy WrongSizeParam (119) Severity: Medium">
		<failure>Category: PCI DSS v3.2;PCI DSS (3.2) - 6.5.2 - Buffer overflows
Language: CPP
Group: CPP Buffer Overflow
Status: New
Finding Link: http://10.15.255.188/CxWebClient/ViewerMain.aspx?scanid=1000284&amp;projectid=339&amp;pathid=119

Source Object: elt
Filename: /Src/Receipt.c
Line Number: 571
Code: //We only print a line if the original auth guid is present.

</failure>
	</testcase>
	<testcase name="Buffer Overflow boundcpy WrongSizeParam (12) Severity: Medium">
		<failure>Category: PCI DSS v3.2;PCI DSS (3.2) - 6.5.2 - Buffer overflows
Language: CPP
Group: CPP Buffer Overflow
Status: New
Finding Link: http://10.15.255.188/CxWebClient/ViewerMain.aspx?scanid=1000284&amp;projectid=339&amp;pathid=12

Source Object: UnknownReference
Filename: /Src/cu_trfile.c
Line Number: 421

</failure>
	</testcase>
	<testcase name="Buffer Overflow boundcpy WrongSizeParam (120) Severity: Medium">
		<failure>Category: PCI DSS v3.2;PCI DSS (3.2) - 6.5.2 - Buffer overflows
Language: CPP
Group: CPP Buffer Overflow
Status: New
Finding Link: http://10.15.255.188/CxWebClient/ViewerMain.aspx?scanid=1000284&amp;projectid=339&amp;pathid=120

Source Object: elt
Filename: /Src/Receipt.c
Line Number: 579
Code: if ( usFound )

</failure>
	</testcase>
	<testcase name="Buffer Overflow boundcpy WrongSizeParam (121) Severity: Medium">
		<failure>Category: PCI DSS v3.2;PCI DSS (3.2) - 6.5.2 - Buffer overflows
Language: CPP
Group: CPP Buffer Overflow
Status: New
Finding Link: http://10.15.255.188/CxWebClient/ViewerMain.aspx?scanid=1000284&amp;projectid=339&amp;pathid=121

Source Object: elt
Filename: /Src/Receipt.c
Line Number: 596
Code: if ( usFound )

</failure>
	</testcase>
	<testcase name="Buffer Overflow boundcpy WrongSizeParam (122) Severity: Medium">
		<failure>Category: PCI DSS v3.2;PCI DSS (3.2) - 6.5.2 - Buffer overflows
Language: CPP
Group: CPP Buffer Overflow
Status: New
Finding Link: http://10.15.255.188/CxWebClient/ViewerMain.aspx?scanid=1000284&amp;projectid=339&amp;pathid=122

Source Object: elt
Filename: /Src/Receipt.c
Line Number: 609
Code: if ( usFound )

</failure>
	</testcase>
	<testcase name="Buffer Overflow boundcpy WrongSizeParam (123) Severity: Medium">
		<failure>Category: PCI DSS v3.2;PCI DSS (3.2) - 6.5.2 - Buffer overflows
Language: CPP
Group: CPP Buffer Overflow
Status: New
Finding Link: http://10.15.255.188/CxWebClient/ViewerMain.aspx?scanid=1000284&amp;projectid=339&amp;pathid=123

Source Object: elt
Filename: /Src/Receipt.c
Line Number: 624
Code: if ( usFound ) {

</failure>
	</testcase>
	<testcase name="Buffer Overflow boundcpy WrongSizeParam (124) Severity: Medium">
		<failure>Category: PCI DSS v3.2;PCI DSS (3.2) - 6.5.2 - Buffer overflows
Language: CPP
Group: CPP Buffer Overflow
Status: New
Finding Link: http://10.15.255.188/CxWebClient/ViewerMain.aspx?scanid=1000284&amp;projectid=339&amp;pathid=124

Source Object: elt
Filename: /Src/Receipt.c
Line Number: 629
Code: if ( usFound ) {

</failure>
	</testcase>
	<testcase name="Buffer Overflow boundcpy WrongSizeParam (125) Severity: Medium">
		<failure>Category: PCI DSS v3.2;PCI DSS (3.2) - 6.5.2 - Buffer overflows
Language: CPP
Group: CPP Buffer Overflow
Status: New
Finding Link: http://10.15.255.188/CxWebClient/ViewerMain.aspx?scanid=1000284&amp;projectid=339&amp;pathid=125

Source Object: elt
Filename: /Src/Receipt.c
Line Number: 641
Code: if ( usFound )

</failure>
	</testcase>
	<testcase name="Buffer Overflow boundcpy WrongSizeParam (129) Severity: Medium">
		<failure>Category: PCI DSS v3.2;PCI DSS (3.2) - 6.5.2 - Buffer overflows
Language: CPP
Group: CPP Buffer Overflow
Status: New
Finding Link: http://10.15.255.188/CxWebClient/ViewerMain.aspx?scanid=1000284&amp;projectid=339&amp;pathid=129

Source Object: elt
Filename: /Src/Receipt.c
Line Number: 752
Code: if ( usFound )

</failure>
	</testcase>
	<testcase name="Buffer Overflow boundcpy WrongSizeParam (136) Severity: Medium">
		<failure>Category: PCI DSS v3.2;PCI DSS (3.2) - 6.5.2 - Buffer overflows
Language: CPP
Group: CPP Buffer Overflow
Status: New
Finding Link: http://10.15.255.188/CxWebClient/ViewerMain.aspx?scanid=1000284&amp;projectid=339&amp;pathid=136

Source Object: elt
Filename: /Src/Receipt.c
Line Number: 977
Code: if ( Extract_Element_TLV_Tree( hTLVTran, TAG_APPLICATION_LABEL, &amp;elt ) )

</failure>
	</testcase>
	<testcase name="Buffer Overflow boundcpy WrongSizeParam (137) Severity: Medium">
		<failure>Category: PCI DSS v3.2;PCI DSS (3.2) - 6.5.2 - Buffer overflows
Language: CPP
Group: CPP Buffer Overflow
Status: New
Finding Link: http://10.15.255.188/CxWebClient/ViewerMain.aspx?scanid=1000284&amp;projectid=339&amp;pathid=137

Source Object: elt
Filename: /Src/Receipt.c
Line Number: 979
Code: else if ( Extract_Element_TLV_Tree( hTLVTran, TAG_APPLICATION_PREFFERRED_NAME, &amp;elt ) )

</failure>
	</testcase>
	<testcase name="Buffer Overflow boundcpy WrongSizeParam (139) Severity: Medium">
		<failure>Category: PCI DSS v3.2;PCI DSS (3.2) - 6.5.2 - Buffer overflows
Language: CPP
Group: CPP Buffer Overflow
Status: New
Finding Link: http://10.15.255.188/CxWebClient/ViewerMain.aspx?scanid=1000284&amp;projectid=339&amp;pathid=139

Source Object: elt
Filename: /Src/SYFProcesses.c
Line Number: 641
Code: memcpy( tmp, elt.ptValue, elt.length );

</failure>
	</testcase>
	<testcase name="Buffer Overflow boundcpy WrongSizeParam (14) Severity: Medium">
		<failure>Category: PCI DSS v3.2;PCI DSS (3.2) - 6.5.2 - Buffer overflows
Language: CPP
Group: CPP Buffer Overflow
Status: New
Finding Link: http://10.15.255.188/CxWebClient/ViewerMain.aspx?scanid=1000284&amp;projectid=339&amp;pathid=14

Source Object: T_Transaction_File_Header
Filename: /Src/cu_trfile.c
Line Number: 809
Code: // Update the T_Transaction_File structure

</failure>
	</testcase>
	<testcase name="Buffer Overflow boundcpy WrongSizeParam (142) Severity: Medium">
		<failure>Category: PCI DSS v3.2;PCI DSS (3.2) - 6.5.2 - Buffer overflows
Language: CPP
Group: CPP Buffer Overflow
Status: New
Finding Link: http://10.15.255.188/CxWebClient/ViewerMain.aspx?scanid=1000284&amp;projectid=339&amp;pathid=142

Source Object: elt
Filename: /Src/SYFProcesses.c
Line Number: 684
Code: memcpy( tmp, elt.ptValue, elt.length );

</failure>
	</testcase>
	<testcase name="Buffer Overflow boundcpy WrongSizeParam (144) Severity: Medium">
		<failure>Category: PCI DSS v3.2;PCI DSS (3.2) - 6.5.2 - Buffer overflows
Language: CPP
Group: CPP Buffer Overflow
Status: New
Finding Link: http://10.15.255.188/CxWebClient/ViewerMain.aspx?scanid=1000284&amp;projectid=339&amp;pathid=144

Source Object: elt
Filename: /Src/SYFProcesses.c
Line Number: 701
Code: memcpy( tmp, elt.ptValue, elt.length );

</failure>
	</testcase>
	<testcase name="Buffer Overflow boundcpy WrongSizeParam (145) Severity: Medium">
		<failure>Category: PCI DSS v3.2;PCI DSS (3.2) - 6.5.2 - Buffer overflows
Language: CPP
Group: CPP Buffer Overflow
Status: New
Finding Link: http://10.15.255.188/CxWebClient/ViewerMain.aspx?scanid=1000284&amp;projectid=339&amp;pathid=145

Source Object: elt
Filename: /Src/SYFProcesses.c
Line Number: 709
Code: memcpy( tmp, elt.ptValue, elt.length );

</failure>
	</testcase>
	<testcase name="Buffer Overflow boundcpy WrongSizeParam (147) Severity: Medium">
		<failure>Category: PCI DSS v3.2;PCI DSS (3.2) - 6.5.2 - Buffer overflows
Language: CPP
Group: CPP Buffer Overflow
Status: New
Finding Link: http://10.15.255.188/CxWebClient/ViewerMain.aspx?scanid=1000284&amp;projectid=339&amp;pathid=147

Source Object: elt
Filename: /Src/SYFProcesses.c
Line Number: 777
Code: memcpy( tmp, elt.ptValue, elt.length );

</failure>
	</testcase>
	<testcase name="Buffer Overflow boundcpy WrongSizeParam (149) Severity: Medium">
		<failure>Category: PCI DSS v3.2;PCI DSS (3.2) - 6.5.2 - Buffer overflows
Language: CPP
Group: CPP Buffer Overflow
Status: New
Finding Link: http://10.15.255.188/CxWebClient/ViewerMain.aspx?scanid=1000284&amp;projectid=339&amp;pathid=149

Source Object: elt
Filename: /Src/SYFProcesses.c
Line Number: 820
Code: memcpy( tmp, elt.ptValue, elt.length );

</failure>
	</testcase>
	<testcase name="Buffer Overflow boundcpy WrongSizeParam (150) Severity: Medium">
		<failure>Category: PCI DSS v3.2;PCI DSS (3.2) - 6.5.2 - Buffer overflows
Language: CPP
Group: CPP Buffer Overflow
Status: New
Finding Link: http://10.15.255.188/CxWebClient/ViewerMain.aspx?scanid=1000284&amp;projectid=339&amp;pathid=150

Source Object: elt
Filename: /Src/SYFProcesses.c
Line Number: 829
Code: memcpy( tmp, elt.ptValue, elt.length );

</failure>
	</testcase>
	<testcase name="Buffer Overflow boundcpy WrongSizeParam (152) Severity: Medium">
		<failure>Category: PCI DSS v3.2;PCI DSS (3.2) - 6.5.2 - Buffer overflows
Language: CPP
Group: CPP Buffer Overflow
Status: New
Finding Link: http://10.15.255.188/CxWebClient/ViewerMain.aspx?scanid=1000284&amp;projectid=339&amp;pathid=152

Source Object: elt
Filename: /Src/SYFProcesses.c
Line Number: 848
Code: memcpy( tmp, elt.ptValue, elt.length );

</failure>
	</testcase>
	<testcase name="Buffer Overflow boundcpy WrongSizeParam (154) Severity: Medium">
		<failure>Category: PCI DSS v3.2;PCI DSS (3.2) - 6.5.2 - Buffer overflows
Language: CPP
Group: CPP Buffer Overflow
Status: New
Finding Link: http://10.15.255.188/CxWebClient/ViewerMain.aspx?scanid=1000284&amp;projectid=339&amp;pathid=154

Source Object: elt
Filename: /Src/SYFProcesses.c
Line Number: 866
Code: memcpy( tmp, elt.ptValue, elt.length );

</failure>
	</testcase>
	<testcase name="Buffer Overflow boundcpy WrongSizeParam (156) Severity: Medium">
		<failure>Category: PCI DSS v3.2;PCI DSS (3.2) - 6.5.2 - Buffer overflows
Language: CPP
Group: CPP Buffer Overflow
Status: New
Finding Link: http://10.15.255.188/CxWebClient/ViewerMain.aspx?scanid=1000284&amp;projectid=339&amp;pathid=156

Source Object: elt
Filename: /Src/SYFProcesses.c
Line Number: 893
Code: memcpy( tmp, elt.ptValue, elt.length );

</failure>
	</testcase>
	<testcase name="Buffer Overflow boundcpy WrongSizeParam (159) Severity: Medium">
		<failure>Category: PCI DSS v3.2;PCI DSS (3.2) - 6.5.2 - Buffer overflows
Language: CPP
Group: CPP Buffer Overflow
Status: New
Finding Link: http://10.15.255.188/CxWebClient/ViewerMain.aspx?scanid=1000284&amp;projectid=339&amp;pathid=159

Source Object: elt
Filename: /Src/SYFProcesses.c
Line Number: 953
Code: memcpy( tmp, elt.ptValue, elt.length );

</failure>
	</testcase>
	<testcase name="Buffer Overflow boundcpy WrongSizeParam (16) Severity: Medium">
		<failure>Category: PCI DSS v3.2;PCI DSS (3.2) - 6.5.2 - Buffer overflows
Language: CPP
Group: CPP Buffer Overflow
Status: New
Finding Link: http://10.15.255.188/CxWebClient/ViewerMain.aspx?scanid=1000284&amp;projectid=339&amp;pathid=16

Source Object: UnknownReference
Filename: /Src/cu_trfile.c
Line Number: 924
Code: // Get the length and store it into buffer

</failure>
	</testcase>
	<testcase name="Buffer Overflow boundcpy WrongSizeParam (162) Severity: Medium">
		<failure>Category: PCI DSS v3.2;PCI DSS (3.2) - 6.5.2 - Buffer overflows
Language: CPP
Group: CPP Buffer Overflow
Status: New
Finding Link: http://10.15.255.188/CxWebClient/ViewerMain.aspx?scanid=1000284&amp;projectid=339&amp;pathid=162

Source Object: elt
Filename: /Src/SYFProcesses.c
Line Number: 998
Code: memcpy( tmp, elt.ptValue, elt.length );

</failure>
	</testcase>
	<testcase name="Buffer Overflow boundcpy WrongSizeParam (163) Severity: Medium">
		<failure>Category: PCI DSS v3.2;PCI DSS (3.2) - 6.5.2 - Buffer overflows
Language: CPP
Group: CPP Buffer Overflow
Status: New
Finding Link: http://10.15.255.188/CxWebClient/ViewerMain.aspx?scanid=1000284&amp;projectid=339&amp;pathid=163

Source Object: elt
Filename: /Src/TipProcess.c
Line Number: 95
Code: memclr( WorkBuffer, sizeof( WorkBuffer ) );

</failure>
	</testcase>
[...]
Language: CPP
Group: CPP Medium Threat
Status: New
Finding Link: http://10.15.255.188/CxWebClient/ViewerMain.aspx?scanid=1000284&amp;projectid=339&amp;pathid=596

Source Object: strcat
Filename: /Src/convert.c
Line Number: 333
Code: DisplayString[2 + index] = 0; //Null terminate

</failure>
	</testcase>
	<testcase name="Dangerous Functions (597) Severity: Medium">
		<failure>Category: OWASP Top 10 2013;A9-Using Components with Known Vulnerabilities
Language: CPP
Group: CPP Medium Threat
Status: New
Finding Link: http://10.15.255.188/CxWebClient/ViewerMain.aspx?scanid=1000284&amp;projectid=339&amp;pathid=597

Source Object: strcat
Filename: /Src/cu_param.c
Line Number: 949
Code: if ( ret == FS_OK ) {

</failure>
	</testcase>
	<testcase name="Dangerous Functions (600) Severity: Medium">
		<failure>Category: OWASP Top 10 2013;A9-Using Components with Known Vulnerabilities
Language: CPP
Group: CPP Medium Threat
Status: New
Finding Link: http://10.15.255.188/CxWebClient/ViewerMain.aspx?scanid=1000284&amp;projectid=339&amp;pathid=600

Source Object: strcat
Filename: /Src/cu_param.c
Line Number: 1459
Code: strcat( ac_filearray [ FileIndex ], &quot;\\&quot; );

</failure>
	</testcase>
	<testcase name="Dangerous Functions (605) Severity: Medium">
		<failure>Category: OWASP Top 10 2013;A9-Using Components with Known Vulnerabilities
Language: CPP
Group: CPP Medium Threat
Status: New
Finding Link: http://10.15.255.188/CxWebClient/ViewerMain.aspx?scanid=1000284&amp;projectid=339&amp;pathid=605

Source Object: strcat
Filename: /Src/cu_pin.c
Line Number: 333
Code: strcat( graphicText, &quot;\n&quot; );

</failure>
	</testcase>
	<testcase name="Dangerous Functions (606) Severity: Medium">
		<failure>Category: OWASP Top 10 2013;A9-Using Components with Known Vulnerabilities
Language: CPP
Group: CPP Medium Threat
Status: New
Finding Link: http://10.15.255.188/CxWebClient/ViewerMain.aspx?scanid=1000284&amp;projectid=339&amp;pathid=606

Source Object: strcat
Filename: /Src/cu_pin.c
Line Number: 334
Code: strcat( graphicText, pc_l_DisplayTxt );

</failure>
	</testcase>
	<testcase name="Dangerous Functions (607) Severity: Medium">
		<failure>Category: OWASP Top 10 2013;A9-Using Components with Known Vulnerabilities
Language: CPP
Group: CPP Medium Threat
Status: New
Finding Link: http://10.15.255.188/CxWebClient/ViewerMain.aspx?scanid=1000284&amp;projectid=339&amp;pathid=607

Source Object: strcat
Filename: /Src/cu_pin.c
Line Number: 914
Code: for ( index = 0; index &lt; range - 1; index++ ) {

</failure>
	</testcase>
	<testcase name="Dangerous Functions (609) Severity: Medium">
		<failure>Category: OWASP Top 10 2013;A9-Using Components with Known Vulnerabilities
Language: CPP
Group: CPP Medium Threat
Status: New
Finding Link: http://10.15.255.188/CxWebClient/ViewerMain.aspx?scanid=1000284&amp;projectid=339&amp;pathid=609

Source Object: strcat
Filename: /Src/cu_pin.c
Line Number: 933
Code: if ( !( strlen( text ) &amp; 1 ) )

</failure>
	</testcase>
	<testcase name="Dangerous Functions (614) Severity: Medium">
		<failure>Category: OWASP Top 10 2013;A9-Using Components with Known Vulnerabilities
Language: CPP
Group: CPP Medium Threat
Status: New
Finding Link: http://10.15.255.188/CxWebClient/ViewerMain.aspx?scanid=1000284&amp;projectid=339&amp;pathid=614

Source Object: strcat
Filename: /Src/cu_term.c
Line Number: 521

</failure>
	</testcase>
	<testcase name="Dangerous Functions (615) Severity: Medium">
		<failure>Category: OWASP Top 10 2013;A9-Using Components with Known Vulnerabilities
Language: CPP
Group: CPP Medium Threat
Status: New
Finding Link: http://10.15.255.188/CxWebClient/ViewerMain.aspx?scanid=1000284&amp;projectid=339&amp;pathid=615

Source Object: strcat
Filename: /Src/cu_term.c
Line Number: 525
Code: } // end of CUTERMsleep

</failure>
	</testcase>
	<testcase name="Dangerous Functions (616) Severity: Medium">
		<failure>Category: OWASP Top 10 2013;A9-Using Components with Known Vulnerabilities
Language: CPP
Group: CPP Medium Threat
Status: New
Finding Link: http://10.15.255.188/CxWebClient/ViewerMain.aspx?scanid=1000284&amp;projectid=339&amp;pathid=616

Source Object: strcat
Filename: /Src/cu_term.c
Line Number: 529
Code: unsigned char lg;

</failure>
	</testcase>
	<testcase name="Dangerous Functions (617) Severity: Medium">
		<failure>Category: OWASP Top 10 2013;A9-Using Components with Known Vulnerabilities
Language: CPP
Group: CPP Medium Threat
Status: New
Finding Link: http://10.15.255.188/CxWebClient/ViewerMain.aspx?scanid=1000284&amp;projectid=339&amp;pathid=617

Source Object: strcat
Filename: /Src/cu_term.c
Line Number: 533
Code: case 0:

</failure>
	</testcase>
	<testcase name="Dangerous Functions (620) Severity: Medium">
		<failure>Category: OWASP Top 10 2013;A9-Using Components with Known Vulnerabilities
Language: CPP
Group: CPP Medium Threat
Status: New
Finding Link: http://10.15.255.188/CxWebClient/ViewerMain.aspx?scanid=1000284&amp;projectid=339&amp;pathid=620

Source Object: strcat
Filename: /Src/cu_term.c
Line Number: 560
Code: case 7:

</failure>
	</testcase>
	<testcase name="Dangerous Functions (622) Severity: Medium">
		<failure>Category: OWASP Top 10 2013;A9-Using Components with Known Vulnerabilities
Language: CPP
Group: CPP Medium Threat
Status: New
Finding Link: http://10.15.255.188/CxWebClient/ViewerMain.aspx?scanid=1000284&amp;projectid=339&amp;pathid=622

Source Object: strcat
Filename: /Src/cu_term.c
Line Number: 568
Code: }

</failure>
	</testcase>
	<testcase name="Dangerous Functions (625) Severity: Medium">
		<failure>Category: OWASP Top 10 2013;A9-Using Components with Known Vulnerabilities
Language: CPP
Group: CPP Medium Threat
Status: New
Finding Link: http://10.15.255.188/CxWebClient/ViewerMain.aspx?scanid=1000284&amp;projectid=339&amp;pathid=625

Source Object: strcat
Filename: /Src/cu_term.c
Line Number: 580
Code: strcpy( ( char * ) S_GlobalRamData.terminal_id, &quot;0000000&quot; );

</failure>
	</testcase>
	<testcase name="Dangerous Functions (626) Severity: Medium">
		<failure>Category: OWASP Top 10 2013;A9-Using Components with Known Vulnerabilities
Language: CPP
Group: CPP Medium Threat
Status: New
Finding Link: http://10.15.255.188/CxWebClient/ViewerMain.aspx?scanid=1000284&amp;projectid=339&amp;pathid=626

Source Object: strcat
Filename: /Src/cu_term.c
Line Number: 755
Code: // clear the xi_line

</failure>
	</testcase>
	<testcase name="Dangerous Functions (634) Severity: Medium">
		<failure>Category: OWASP Top 10 2013;A9-Using Components with Known Vulnerabilities
Language: CPP
Group: CPP Medium Threat
Status: New
Finding Link: http://10.15.255.188/CxWebClient/ViewerMain.aspx?scanid=1000284&amp;projectid=339&amp;pathid=634

Source Object: strcat
Filename: /Src/E2EE.c
Line Number: 61
Code: else

</failure>
	</testcase>
	<testcase name="Dangerous Functions (636) Severity: Medium">
		<failure>Category: OWASP Top 10 2013;A9-Using Components with Known Vulnerabilities
Language: CPP
Group: CPP Medium Threat
Status: New
Finding Link: http://10.15.255.188/CxWebClient/ViewerMain.aspx?scanid=1000284&amp;projectid=339&amp;pathid=636

Source Object: strcat
Filename: /Src/E2EE.c
Line Number: 80
Code: //Append discretionary data

</failure>
	</testcase>
	<testcase name="Dangerous Functions (637) Severity: Medium">
		<failure>Category: OWASP Top 10 2013;A9-Using Components with Known Vulnerabilities
Language: CPP
Group: CPP Medium Threat
Status: New
Finding Link: http://10.15.255.188/CxWebClient/ViewerMain.aspx?scanid=1000284&amp;projectid=339&amp;pathid=637

Source Object: strcat
Filename: /Src/E2EE.c
Line Number: 83
Code: //Append end sentinel

</failure>
	</testcase>
	<testcase name="Dangerous Functions (644) Severity: Medium">
		<failure>Category: OWASP Top 10 2013;A9-Using Components with Known Vulnerabilities
Language: CPP
Group: CPP Medium Threat
Status: New
Finding Link: http://10.15.255.188/CxWebClient/ViewerMain.aspx?scanid=1000284&amp;projectid=339&amp;pathid=644

Source Object: strcat
Filename: /Src/EPXComm.c
Line Number: 110
Code: strcat( xml, DETAIL_TAG_END );

</failure>
	</testcase>
	<testcase name="Dangerous Functions (645) Severity: Medium">
		<failure>Category: OWASP Top 10 2013;A9-Using Components with Known Vulnerabilities
Language: CPP
Group: CPP Medium Threat
Status: New
Finding Link: http://10.15.255.188/CxWebClient/ViewerMain.aspx?scanid=1000284&amp;projectid=339&amp;pathid=645

Source Object: strcat
Filename: /Src/GOALScreens.c
Line Number: 23
Code: strcat( TitleWithMM, &quot; : &quot; );

</failure>
	</testcase>
	<testcase name="Dangerous Functions (647) Severity: Medium">
		<failure>Category: OWASP Top 10 2013;A9-Using Components with Known Vulnerabilities
Language: CPP
Group: CPP Medium Threat
Status: New
Finding Link: http://10.15.255.188/CxWebClient/ViewerMain.aspx?scanid=1000284&amp;projectid=339&amp;pathid=647

Source Object: strcat
Filename: /Src/guid_gen.c
Line Number: 115
Code: strcpy( GUID, StationID32 );

</failure>
	</testcase>
	<testcase name="Dangerous Functions (648) Severity: Medium">
		<failure>Category: OWASP Top 10 2013;A9-Using Components with Known Vulnerabilities
Language: CPP
Group: CPP Medium Threat
Status: New
Finding Link: http://10.15.255.188/CxWebClient/ViewerMain.aspx?scanid=1000284&amp;projectid=339&amp;pathid=648

Source Object: strcat
Filename: /Src/guid_gen.c
Line Number: 116
Code: strcat( GUID, Time32 );

</failure>
	</testcase>
	<testcase name="Dangerous Functions (649) Severity: Medium">
		<failure>Category: OWASP Top 10 2013;A9-Using Components with Known Vulnerabilities
Language: CPP
Group: CPP Medium Threat
Status: New
Finding Link: http://10.15.255.188/CxWebClient/ViewerMain.aspx?scanid=1000284&amp;projectid=339&amp;pathid=649

Source Object: strcat
Filename: /Src/guid_gen.c
Line Number: 117
Code: strcat( GUID, Random32 );

</failure>
	</testcase>
	<testcase name="Dangerous Functions (652) Severity: Medium">
		<failure>Category: OWASP Top 10 2013;A9-Using Components with Known Vulnerabilities
Language: CPP
Group: CPP Medium Threat
Status: New
Finding Link: http://10.15.255.188/CxWebClient/ViewerMain.aspx?scanid=1000284&amp;projectid=339&amp;pathid=652

Source Object: strcat
Filename: /Src/PinScreen.c
Line Number: 62
Code: strcat( gPin, &quot;2&quot; );

</failure>
	</testcase>
	<testcase name="Dangerous Functions (653) Severity: Medium">
		<failure>Category: OWASP Top 10 2013;A9-Using Components with Known Vulnerabilities
Language: CPP
Group: CPP Medium Threat
Status: New
Finding Link: http://10.15.255.188/CxWebClient/ViewerMain.aspx?scanid=1000284&amp;projectid=339&amp;pathid=653

Source Object: strcat
Filename: /Src/PinScreen.c
Line Number: 65
Code: strcat( gPin, &quot;3&quot; );

</failure>
	</testcase>
	<testcase name="Dangerous Functions (654) Severity: Medium">
		<failure>Category: OWASP Top 10 2013;A9-Using Components with Known Vulnerabilities
Language: CPP
Group: CPP Medium Threat
Status: New
Finding Link: http://10.15.255.188/CxWebClient/ViewerMain.aspx?scanid=1000284&amp;projectid=339&amp;pathid=654

Source Object: strcat
Filename: /Src/PinScreen.c
Line Number: 68
Code: strcat( gPin, &quot;4&quot; );

</failure>
	</testcase>
	<testcase name="Dangerous Functions (659) Severity: Medium">
		<failure>Category: OWASP Top 10 2013;A9-Using Components with Known Vulnerabilities
Language: CPP
Group: CPP Medium Threat
Status: New
Finding Link: http://10.15.255.188/CxWebClient/ViewerMain.aspx?scanid=1000284&amp;projectid=339&amp;pathid=659

Source Object: strcat
Filename: /Src/PinScreen.c
Line Number: 83
Code: strcat( gPin, &quot;9&quot; );

</failure>
	</testcase>
	<testcase name="Dangerous Functions (660) Severity: Medium">
		<failure>Category: OWASP Top 10 2013;A9-Using Components with Known Vulnerabilities
Language: CPP
Group: CPP Medium Threat
Status: New
Finding Link: http://10.15.255.188/CxWebClient/ViewerMain.aspx?scanid=1000284&amp;projectid=339&amp;pathid=660

Source Object: strcat
Filename: /Src/PinScreen.c
Line Number: 300
Code: strcat( buffer, &quot;\n&quot; );

</failure>
	</testcase>
	<testcase name="Dangerous Functions (661) Severity: Medium">
		<failure>Category: OWASP Top 10 2013;A9-Using Components with Known Vulnerabilities
Language: CPP
Group: CPP Medium Threat
Status: New
Finding Link: http://10.15.255.188/CxWebClient/ViewerMain.aspx?scanid=1000284&amp;projectid=339&amp;pathid=661

Source Object: strcat
Filename: /Src/PinScreen.c
Line Number: 301
Code: strcat( buffer, pc_l_DisplayAmt );

</failure>
	</testcase>
	<testcase name="Dangerous Functions (662) Severity: Medium">
		<failure>Category: OWASP Top 10 2013;A9-Using Components with Known Vulnerabilities
Language: CPP
Group: CPP Medium Threat
Status: New
Finding Link: http://10.15.255.188/CxWebClient/ViewerMain.aspx?scanid=1000284&amp;projectid=339&amp;pathid=662

Source Object: strcat
Filename: /Src/PinScreen.c
Line Number: 302
Code: strcat( buffer, &quot;: &quot; );

</failure>
	</testcase>
	<testcase name="Dangerous Functions (663) Severity: Medium">
		<failure>Category: OWASP Top 10 2013;A9-Using Components with Known Vulnerabilities
Language: CPP
Group: CPP Medium Threat
Status: New
Finding Link: http://10.15.255.188/CxWebClient/ViewerMain.aspx?scanid=1000284&amp;projectid=339&amp;pathid=663

Source Object: strcat
Filename: /Src/PinScreen.c
Line Number: 303
Code: strcat( buffer, AmountBuffer );

</failure>
	</testcase>
	<testcase name="Dangerous Functions (664) Severity: Medium">
		<failure>Category: OWASP Top 10 2013;A9-Using Components with Known Vulnerabilities
Language: CPP
Group: CPP Medium Threat
Status: New
Finding Link: http://10.15.255.188/CxWebClient/ViewerMain.aspx?scanid=1000284&amp;projectid=339&amp;pathid=664

Source Object: strcat
Filename: /Src/PinScreen.c
Line Number: 304
Code: strcat( buffer, &quot;\n&quot; );

</failure>
	</testcase>
	<testcase name="Dangerous Functions (665) Severity: Medium">
		<failure>Category: OWASP Top 10 2013;A9-Using Components with Known Vulnerabilities
Language: CPP
Group: CPP Medium Threat
Status: New
Finding Link: http://10.15.255.188/CxWebClient/ViewerMain.aspx?scanid=1000284&amp;projectid=339&amp;pathid=665

Source Object: strcat
Filename: /Src/PinScreen.c
Line Number: 305
Code: strcat( buffer, pc_l_DisplayTxt );

</failure>
	</testcase>
	<testcase name="Dangerous Functions (669) Severity: Medium">
		<failure>Category: OWASP Top 10 2013;A9-Using Components with Known Vulnerabilities
Language: CPP
Group: CPP Medium Threat
Status: New
Finding Link: http://10.15.255.188/CxWebClient/ViewerMain.aspx?scanid=1000284&amp;projectid=339&amp;pathid=669

Source Object: strcat
Filename: /Src/SharedComm.c
Line Number: 730
Code: strcat( xml, &quot;&lt;&quot; );

</failure>
	</testcase>
	<testcase name="Dangerous Functions (670) Severity: Medium">
		<failure>Category: OWASP Top 10 2013;A9-Using Components with Known Vulnerabilities
Language: CPP
Group: CPP Medium Threat
Status: New
Finding Link: http://10.15.255.188/CxWebClient/ViewerMain.aspx?scanid=1000284&amp;projectid=339&amp;pathid=670

Source Object: strcat
Filename: /Src/SharedComm.c
Line Number: 731
Code: strcat( xml, tag );

</failure>
	</testcase>
	<testcase name="Dangerous Functions (671) Severity: Medium">
		<failure>Category: OWASP Top 10 2013;A9-Using Components with Known Vulnerabilities
Language: CPP
Group: CPP Medium Threat
Status: New
Finding Link: http://10.15.255.188/CxWebClient/ViewerMain.aspx?scanid=1000284&amp;projectid=339&amp;pathid=671

Source Object: strcat
Filename: /Src/SharedComm.c
Line Number: 734
Code: // Data

</failure>
	</testcase>
	<testcase name="Dangerous Functions (672) Severity: Medium">
		<failure>Category: OWASP Top 10 2013;A9-Using Components with Known Vulnerabilities
Language: CPP
Group: CPP Medium Threat
Status: New
Finding Link: http://10.15.255.188/CxWebClient/ViewerMain.aspx?scanid=1000284&amp;projectid=339&amp;pathid=672

Source Object: strcat
Filename: /Src/SharedComm.c
Line Number: 737
Code: // End tag

</failure>
	</testcase>
	<testcase name="Dangerous Functions (673) Severity: Medium">
		<failure>Category: OWASP Top 10 2013;A9-Using Components with Known Vulnerabilities
Language: CPP
Group: CPP Medium Threat
Status: New
Finding Link: http://10.15.255.188/CxWebClient/ViewerMain.aspx?scanid=1000284&amp;projectid=339&amp;pathid=673

Source Object: strcat
Filename: /Src/SharedComm.c
Line Number: 738
Code: strcat( xml, &quot;&lt;/&quot; );

</failure>
	</testcase>
	<testcase name="Dangerous Functions (674) Severity: Medium">
		<failure>Category: OWASP Top 10 2013;A9-Using Components with Known Vulnerabilities
Language: CPP
Group: CPP Medium Threat
Status: New
Finding Link: http://10.15.255.188/CxWebClient/ViewerMain.aspx?scanid=1000284&amp;projectid=339&amp;pathid=674

Source Object: strcat
Filename: /Src/SharedComm.c
Line Number: 739
Code: strcat( xml, tag );

</failure>
	</testcase>
	<testcase name="Dangerous Functions (675) Severity: Medium">
		<failure>Category: OWASP Top 10 2013;A9-Using Components with Known Vulnerabilities
Language: CPP
Group: CPP Medium Threat
Status: New
Finding Link: http://10.15.255.188/CxWebClient/ViewerMain.aspx?scanid=1000284&amp;projectid=339&amp;pathid=675

Source Object: strcat
Filename: /Src/SharedComm.c
Line Number: 777
Code: Telium_Sprintf( sTag, &quot;%03lX&quot;, Tag );

</failure>
	</testcase>
	<testcase name="Dangerous Functions (679) Severity: Medium">
		<failure>Category: OWASP Top 10 2013;A9-Using Components with Known Vulnerabilities
Language: CPP
Group: CPP Medium Threat
Status: New
Finding Link: http://10.15.255.188/CxWebClient/ViewerMain.aspx?scanid=1000284&amp;projectid=339&amp;pathid=679

Source Object: strcat
Filename: /Src/SIServer.c
Line Number: 263
Code: strcat(ResponseBuffer,Content);

</failure>
	</testcase>
	<testcase name="Dangerous Functions (685) Severity: Medium">
		<failure>Category: OWASP Top 10 2013;A9-Using Components with Known Vulnerabilities
Language: CPP
Group: CPP Medium Threat
Status: New
Finding Link: http://10.15.255.188/CxWebClient/ViewerMain.aspx?scanid=1000284&amp;projectid=339&amp;pathid=685

Source Object: strcat
Filename: /Src/SwipeScreen.c
Line Number: 230
Code: strcat( temp, title );

</failure>
	</testcase>
	<testcase name="Dangerous Functions (686) Severity: Medium">
		<failure>Category: OWASP Top 10 2013;A9-Using Components with Known Vulnerabilities
Language: CPP
Group: CPP Medium Threat
Status: New
Finding Link: http://10.15.255.188/CxWebClient/ViewerMain.aspx?scanid=1000284&amp;projectid=339&amp;pathid=686

Source Object: strcat
Filename: /Src/SwipeScreen.c
Line Number: 231
Code: strcat( temp, &quot;                    &quot; );

</failure>
	</testcase>
	<testcase name="Dangerous Functions (687) Severity: Medium">
		<failure>Category: OWASP Top 10 2013;A9-Using Components with Known Vulnerabilities
Language: CPP
Group: CPP Medium Threat
Status: New
Finding Link: http://10.15.255.188/CxWebClient/ViewerMain.aspx?scanid=1000284&amp;projectid=339&amp;pathid=687

Source Object: strcat
Filename: /Src/SYFProcesses.c
Line Number: 323
Code: strcat( cardNbr, userID );

</failure>
	</testcase>
	<testcase name="Dangerous Functions (688) Severity: Medium">
		<failure>Category: OWASP Top 10 2013;A9-Using Components with Known Vulnerabilities
Language: CPP
Group: CPP Medium Threat
Status: New
Finding Link: http://10.15.255.188/CxWebClient/ViewerMain.aspx?scanid=1000284&amp;projectid=339&amp;pathid=688

Source Object: strcat
Filename: /Src/term_params.c
Line Number: 385
Code: strcat( NewValue, Buffer );

</failure>
	</testcase>
	<testcase name="Dangerous Functions (691) Severity: Medium">
		<failure>Category: OWASP Top 10 2013;A9-Using Components with Known Vulnerabilities
Language: CPP
Group: CPP Medium Threat
Status: New
Finding Link: http://10.15.255.188/CxWebClient/ViewerMain.aspx?scanid=1000284&amp;projectid=339&amp;pathid=691

Source Object: strcat
Filename: /Src/term_params.c
Line Number: 461
Code: strcat( NewValue, Clerks[Index].ClerkName );

</failure>
	</testcase>
</testsuite>
